DEPRECATION WARNING: ActiveRecord::Base.raise_in_transactional_callbacks= is deprecated, has no effect and will be removed without replacement. (called from <top (required)> at /Users/peterrobitaille/challenges/rails-marathon/config/environment.rb:5)
  [1m[36mActiveRecord::SchemaMigration Load (0.5ms)[0m  [1m[34mSELECT "schema_migrations".* FROM "schema_migrations"[0m
  [1m[35m (0.4ms)[0m  [1m[34mSELECT "ar_internal_metadata"."value" FROM "ar_internal_metadata" WHERE "ar_internal_metadata"."key" = $1[0m  [["key", :environment]]
  [1m[36mActiveRecord::SchemaMigration Load (0.2ms)[0m  [1m[34mSELECT "schema_migrations".* FROM "schema_migrations"[0m
  [1m[35m (0.2ms)[0m  [1m[34mSELECT "ar_internal_metadata"."value" FROM "ar_internal_metadata" WHERE "ar_internal_metadata"."key" = $1[0m  [["key", :environment]]
  [1m[36mActiveRecord::SchemaMigration Load (0.2ms)[0m  [1m[34mSELECT "schema_migrations".* FROM "schema_migrations"[0m
  [1m[35m (0.2ms)[0m  [1m[34mSELECT "ar_internal_metadata"."value" FROM "ar_internal_metadata" WHERE "ar_internal_metadata"."key" = $1[0m  [["key", :environment]]
  [1m[35m (122.8ms)[0m  [1m[35mDROP DATABASE IF EXISTS "fantasy_houses_development"[0m
  [1m[35m (120.8ms)[0m  [1m[35mDROP DATABASE IF EXISTS "fantasy_houses_test"[0m
DEPRECATION WARNING: ActiveRecord::Base.raise_in_transactional_callbacks= is deprecated, has no effect and will be removed without replacement. (called from raise_in_transactional_callbacks= at /Users/peterrobitaille/.gem/ruby/2.3.3/gems/activerecord-5.0.0/lib/active_record/transactions.rb:283)
DEPRECATION WARNING: ActiveRecord::Base.raise_in_transactional_callbacks= is deprecated, has no effect and will be removed without replacement. (called from load at /Users/peterrobitaille/.gem/ruby/2.3.3/bin/rake:22)
  [1m[35m (8.7ms)[0m  [1m[35mCREATE TABLE "schema_migrations" ("version" character varying PRIMARY KEY)[0m
  [1m[35m (2.9ms)[0m  [1m[35mCREATE TABLE "ar_internal_metadata" ("key" character varying PRIMARY KEY, "value" character varying, "created_at" timestamp NOT NULL, "updated_at" timestamp NOT NULL)[0m
  [1m[36mActiveRecord::SchemaMigration Load (0.7ms)[0m  [1m[34mSELECT "schema_migrations".* FROM "schema_migrations"[0m
  [1m[36mActiveRecord::SchemaMigration Load (0.3ms)[0m  [1m[34mSELECT "schema_migrations".* FROM "schema_migrations"[0m
DEPRECATION WARNING: ActiveRecord::Base.raise_in_transactional_callbacks= is deprecated, has no effect and will be removed without replacement. (called from load at /Users/peterrobitaille/.gem/ruby/2.3.3/bin/rake:22)
  [1m[35m (0.4ms)[0m  [1m[34mSELECT pg_try_advisory_lock(8546372934869750190);[0m
  [1m[36mActiveRecord::SchemaMigration Load (0.5ms)[0m  [1m[34mSELECT "schema_migrations".* FROM "schema_migrations"[0m
Migrating to Create (20171012213659)
  [1m[35m (0.2ms)[0m  [1m[35mBEGIN[0m
  [1m[35mSQL (0.5ms)[0m  [1m[32mINSERT INTO "schema_migrations" ("version") VALUES ($1) RETURNING "version"[0m  [["version", "20171012213659"]]
  [1m[35m (1.6ms)[0m  [1m[35mCOMMIT[0m
Migrating to CreateHouses (20171012213727)
  [1m[35m (0.1ms)[0m  [1m[35mBEGIN[0m
  [1m[35m (5.9ms)[0m  [1m[35mCREATE TABLE "houses" ("id" serial primary key, "name" character varying NOT NULL, "author" character varying NOT NULL, "source" character varying NOT NULL, "motto" character varying, "created_at" timestamp NOT NULL, "updated_at" timestamp NOT NULL)[0m
  [1m[35mSQL (0.3ms)[0m  [1m[32mINSERT INTO "schema_migrations" ("version") VALUES ($1) RETURNING "version"[0m  [["version", "20171012213727"]]
  [1m[35m (0.5ms)[0m  [1m[35mCOMMIT[0m
  [1m[36mActiveRecord::InternalMetadata Load (0.5ms)[0m  [1m[34mSELECT  "ar_internal_metadata".* FROM "ar_internal_metadata" WHERE "ar_internal_metadata"."key" = $1 LIMIT $2[0m  [["key", :environment], ["LIMIT", 1]]
  [1m[35m (0.2ms)[0m  [1m[35mBEGIN[0m
  [1m[35mSQL (0.5ms)[0m  [1m[32mINSERT INTO "ar_internal_metadata" ("key", "value", "created_at", "updated_at") VALUES ($1, $2, $3, $4) RETURNING "key"[0m  [["key", "environment"], ["value", "development"], ["created_at", 2017-10-12 21:39:50 UTC], ["updated_at", 2017-10-12 21:39:50 UTC]]
  [1m[35m (0.4ms)[0m  [1m[35mCOMMIT[0m
  [1m[35m (0.3ms)[0m  [1m[34mSELECT pg_advisory_unlock(8546372934869750190)[0m
  [1m[36mActiveRecord::SchemaMigration Load (0.2ms)[0m  [1m[34mSELECT "schema_migrations".* FROM "schema_migrations"[0m
  [1m[35m (3.5ms)[0m  [1m[34mSELECT t2.oid::regclass::text AS to_table, a1.attname AS column, a2.attname AS primary_key, c.conname AS name, c.confupdtype AS on_update, c.confdeltype AS on_delete
FROM pg_constraint c
JOIN pg_class t1 ON c.conrelid = t1.oid
JOIN pg_class t2 ON c.confrelid = t2.oid
JOIN pg_attribute a1 ON a1.attnum = c.conkey[1] AND a1.attrelid = t1.oid
JOIN pg_attribute a2 ON a2.attnum = c.confkey[1] AND a2.attrelid = t2.oid
JOIN pg_namespace t3 ON c.connamespace = t3.oid
WHERE c.contype = 'f'
  AND t1.relname = 'houses'
  AND t3.nspname = ANY (current_schemas(false))
ORDER BY c.conname
[0m
DEPRECATION WARNING: ActiveRecord::Base.raise_in_transactional_callbacks= is deprecated, has no effect and will be removed without replacement. (called from load at /Users/peterrobitaille/.gem/ruby/2.3.3/bin/rake:22)
  [1m[36mActiveRecord::SchemaMigration Load (0.5ms)[0m  [1m[34mSELECT "schema_migrations".* FROM "schema_migrations"[0m
  [1m[35m (0.3ms)[0m  [1m[34mSELECT pg_try_advisory_lock(8546372934869750190);[0m
  [1m[36mActiveRecord::SchemaMigration Load (0.2ms)[0m  [1m[34mSELECT "schema_migrations".* FROM "schema_migrations"[0m
Migrating to CreateHouses (20171012213727)
  [1m[35m (0.2ms)[0m  [1m[35mBEGIN[0m
  [1m[35m (3.4ms)[0m  [1m[35mDROP TABLE "houses"[0m
  [1m[35mSQL (0.8ms)[0m  [1m[31mDELETE FROM "schema_migrations" WHERE "schema_migrations"."version" = $1[0m  [["version", "20171012213727"]]
  [1m[35m (1.4ms)[0m  [1m[35mCOMMIT[0m
  [1m[35m (0.3ms)[0m  [1m[34mSELECT pg_advisory_unlock(8546372934869750190)[0m
  [1m[36mActiveRecord::SchemaMigration Load (0.3ms)[0m  [1m[34mSELECT "schema_migrations".* FROM "schema_migrations"[0m
DEPRECATION WARNING: ActiveRecord::Base.raise_in_transactional_callbacks= is deprecated, has no effect and will be removed without replacement. (called from load at /Users/peterrobitaille/.gem/ruby/2.3.3/bin/rake:22)
  [1m[35m (0.3ms)[0m  [1m[34mSELECT pg_try_advisory_lock(8546372934869750190);[0m
  [1m[36mActiveRecord::SchemaMigration Load (0.5ms)[0m  [1m[34mSELECT "schema_migrations".* FROM "schema_migrations"[0m
Migrating to CreateHouses (20171012213727)
  [1m[35m (0.3ms)[0m  [1m[35mBEGIN[0m
  [1m[35m (5.6ms)[0m  [1m[35mCREATE TABLE "houses" ("id" serial primary key, "name" character varying NOT NULL, "author" character varying NOT NULL, "source" character varying NOT NULL, "motto" character varying, "created_at" timestamp NOT NULL, "updated_at" timestamp NOT NULL)[0m
  [1m[35mSQL (0.5ms)[0m  [1m[32mINSERT INTO "schema_migrations" ("version") VALUES ($1) RETURNING "version"[0m  [["version", "20171012213727"]]
  [1m[35m (0.5ms)[0m  [1m[35mCOMMIT[0m
  [1m[36mActiveRecord::InternalMetadata Load (0.4ms)[0m  [1m[34mSELECT  "ar_internal_metadata".* FROM "ar_internal_metadata" WHERE "ar_internal_metadata"."key" = $1 LIMIT $2[0m  [["key", :environment], ["LIMIT", 1]]
  [1m[35m (0.2ms)[0m  [1m[35mBEGIN[0m
  [1m[35m (0.2ms)[0m  [1m[35mCOMMIT[0m
  [1m[35m (0.3ms)[0m  [1m[34mSELECT pg_advisory_unlock(8546372934869750190)[0m
  [1m[36mActiveRecord::SchemaMigration Load (0.2ms)[0m  [1m[34mSELECT "schema_migrations".* FROM "schema_migrations"[0m
  [1m[35m (3.8ms)[0m  [1m[34mSELECT t2.oid::regclass::text AS to_table, a1.attname AS column, a2.attname AS primary_key, c.conname AS name, c.confupdtype AS on_update, c.confdeltype AS on_delete
FROM pg_constraint c
JOIN pg_class t1 ON c.conrelid = t1.oid
JOIN pg_class t2 ON c.confrelid = t2.oid
JOIN pg_attribute a1 ON a1.attnum = c.conkey[1] AND a1.attrelid = t1.oid
JOIN pg_attribute a2 ON a2.attnum = c.confkey[1] AND a2.attrelid = t2.oid
JOIN pg_namespace t3 ON c.connamespace = t3.oid
WHERE c.contype = 'f'
  AND t1.relname = 'houses'
  AND t3.nspname = ANY (current_schemas(false))
ORDER BY c.conname
[0m
DEPRECATION WARNING: ActiveRecord::Base.raise_in_transactional_callbacks= is deprecated, has no effect and will be removed without replacement. (called from load at /Users/peterrobitaille/.gem/ruby/2.3.3/bin/rake:22)
  [1m[35m (0.3ms)[0m  [1m[34mSELECT pg_try_advisory_lock(8546372934869750190);[0m
  [1m[36mActiveRecord::SchemaMigration Load (0.5ms)[0m  [1m[34mSELECT "schema_migrations".* FROM "schema_migrations"[0m
  [1m[36mActiveRecord::InternalMetadata Load (0.4ms)[0m  [1m[34mSELECT  "ar_internal_metadata".* FROM "ar_internal_metadata" WHERE "ar_internal_metadata"."key" = $1 LIMIT $2[0m  [["key", :environment], ["LIMIT", 1]]
  [1m[35m (0.2ms)[0m  [1m[35mBEGIN[0m
  [1m[35m (0.2ms)[0m  [1m[35mCOMMIT[0m
  [1m[35m (0.3ms)[0m  [1m[34mSELECT pg_advisory_unlock(8546372934869750190)[0m
  [1m[36mActiveRecord::SchemaMigration Load (0.2ms)[0m  [1m[34mSELECT "schema_migrations".* FROM "schema_migrations"[0m
  [1m[35m (3.6ms)[0m  [1m[34mSELECT t2.oid::regclass::text AS to_table, a1.attname AS column, a2.attname AS primary_key, c.conname AS name, c.confupdtype AS on_update, c.confdeltype AS on_delete
FROM pg_constraint c
JOIN pg_class t1 ON c.conrelid = t1.oid
JOIN pg_class t2 ON c.confrelid = t2.oid
JOIN pg_attribute a1 ON a1.attnum = c.conkey[1] AND a1.attrelid = t1.oid
JOIN pg_attribute a2 ON a2.attnum = c.confkey[1] AND a2.attrelid = t2.oid
JOIN pg_namespace t3 ON c.connamespace = t3.oid
WHERE c.contype = 'f'
  AND t1.relname = 'houses'
  AND t3.nspname = ANY (current_schemas(false))
ORDER BY c.conname
[0m
DEPRECATION WARNING: ActiveRecord::Base.raise_in_transactional_callbacks= is deprecated, has no effect and will be removed without replacement. (called from load at /Users/peterrobitaille/.gem/ruby/2.3.3/bin/rake:22)
  [1m[35m (0.3ms)[0m  [1m[34mSELECT pg_try_advisory_lock(8546372934869750190);[0m
  [1m[36mActiveRecord::SchemaMigration Load (1.2ms)[0m  [1m[34mSELECT "schema_migrations".* FROM "schema_migrations"[0m
Migrating to CreateMembers (20171012231204)
  [1m[35m (0.2ms)[0m  [1m[35mBEGIN[0m
  [1m[35m (5.6ms)[0m  [1m[35mCREATE TABLE "members" ("id" serial primary key, "first_name" character varying NOT NULL, "last_name" character varying NOT NULL, "house" character varying NOT NULL, "created_at" timestamp NOT NULL, "updated_at" timestamp NOT NULL)[0m
  [1m[35mSQL (0.5ms)[0m  [1m[32mINSERT INTO "schema_migrations" ("version") VALUES ($1) RETURNING "version"[0m  [["version", "20171012231204"]]
  [1m[35m (0.6ms)[0m  [1m[35mCOMMIT[0m
  [1m[36mActiveRecord::InternalMetadata Load (0.6ms)[0m  [1m[34mSELECT  "ar_internal_metadata".* FROM "ar_internal_metadata" WHERE "ar_internal_metadata"."key" = $1 LIMIT $2[0m  [["key", :environment], ["LIMIT", 1]]
  [1m[35m (0.2ms)[0m  [1m[35mBEGIN[0m
  [1m[35m (0.2ms)[0m  [1m[35mCOMMIT[0m
  [1m[35m (0.3ms)[0m  [1m[34mSELECT pg_advisory_unlock(8546372934869750190)[0m
  [1m[36mActiveRecord::SchemaMigration Load (0.3ms)[0m  [1m[34mSELECT "schema_migrations".* FROM "schema_migrations"[0m
  [1m[35m (3.6ms)[0m  [1m[34mSELECT t2.oid::regclass::text AS to_table, a1.attname AS column, a2.attname AS primary_key, c.conname AS name, c.confupdtype AS on_update, c.confdeltype AS on_delete
FROM pg_constraint c
JOIN pg_class t1 ON c.conrelid = t1.oid
JOIN pg_class t2 ON c.confrelid = t2.oid
JOIN pg_attribute a1 ON a1.attnum = c.conkey[1] AND a1.attrelid = t1.oid
JOIN pg_attribute a2 ON a2.attnum = c.confkey[1] AND a2.attrelid = t2.oid
JOIN pg_namespace t3 ON c.connamespace = t3.oid
WHERE c.contype = 'f'
  AND t1.relname = 'houses'
  AND t3.nspname = ANY (current_schemas(false))
ORDER BY c.conname
[0m
  [1m[35m (3.0ms)[0m  [1m[34mSELECT t2.oid::regclass::text AS to_table, a1.attname AS column, a2.attname AS primary_key, c.conname AS name, c.confupdtype AS on_update, c.confdeltype AS on_delete
FROM pg_constraint c
JOIN pg_class t1 ON c.conrelid = t1.oid
JOIN pg_class t2 ON c.confrelid = t2.oid
JOIN pg_attribute a1 ON a1.attnum = c.conkey[1] AND a1.attrelid = t1.oid
JOIN pg_attribute a2 ON a2.attnum = c.confkey[1] AND a2.attrelid = t2.oid
JOIN pg_namespace t3 ON c.connamespace = t3.oid
WHERE c.contype = 'f'
  AND t1.relname = 'members'
  AND t3.nspname = ANY (current_schemas(false))
ORDER BY c.conname
[0m
DEPRECATION WARNING: ActiveRecord::Base.raise_in_transactional_callbacks= is deprecated, has no effect and will be removed without replacement. (called from load at /Users/peterrobitaille/.gem/ruby/2.3.3/bin/rake:22)
  [1m[36mActiveRecord::SchemaMigration Load (0.5ms)[0m  [1m[34mSELECT "schema_migrations".* FROM "schema_migrations"[0m
  [1m[35m (0.3ms)[0m  [1m[34mSELECT pg_try_advisory_lock(8546372934869750190);[0m
  [1m[36mActiveRecord::SchemaMigration Load (0.2ms)[0m  [1m[34mSELECT "schema_migrations".* FROM "schema_migrations"[0m
Migrating to CreateMembers (20171012231204)
  [1m[35m (0.1ms)[0m  [1m[35mBEGIN[0m
  [1m[35m (1.8ms)[0m  [1m[35mDROP TABLE "members"[0m
  [1m[35mSQL (0.9ms)[0m  [1m[31mDELETE FROM "schema_migrations" WHERE "schema_migrations"."version" = $1[0m  [["version", "20171012231204"]]
  [1m[35m (1.3ms)[0m  [1m[35mCOMMIT[0m
  [1m[35m (0.3ms)[0m  [1m[34mSELECT pg_advisory_unlock(8546372934869750190)[0m
  [1m[36mActiveRecord::SchemaMigration Load (0.4ms)[0m  [1m[34mSELECT "schema_migrations".* FROM "schema_migrations"[0m
  [1m[35m (4.2ms)[0m  [1m[34mSELECT t2.oid::regclass::text AS to_table, a1.attname AS column, a2.attname AS primary_key, c.conname AS name, c.confupdtype AS on_update, c.confdeltype AS on_delete
FROM pg_constraint c
JOIN pg_class t1 ON c.conrelid = t1.oid
JOIN pg_class t2 ON c.confrelid = t2.oid
JOIN pg_attribute a1 ON a1.attnum = c.conkey[1] AND a1.attrelid = t1.oid
JOIN pg_attribute a2 ON a2.attnum = c.confkey[1] AND a2.attrelid = t2.oid
JOIN pg_namespace t3 ON c.connamespace = t3.oid
WHERE c.contype = 'f'
  AND t1.relname = 'houses'
  AND t3.nspname = ANY (current_schemas(false))
ORDER BY c.conname
[0m
DEPRECATION WARNING: ActiveRecord::Base.raise_in_transactional_callbacks= is deprecated, has no effect and will be removed without replacement. (called from load at /Users/peterrobitaille/.gem/ruby/2.3.3/bin/rake:22)
  [1m[35m (0.3ms)[0m  [1m[34mSELECT pg_try_advisory_lock(8546372934869750190);[0m
  [1m[36mActiveRecord::SchemaMigration Load (0.7ms)[0m  [1m[34mSELECT "schema_migrations".* FROM "schema_migrations"[0m
Migrating to CreateMembers (20171012231204)
  [1m[35m (0.3ms)[0m  [1m[35mBEGIN[0m
  [1m[35m (6.2ms)[0m  [1m[35mCREATE TABLE "members" ("id" serial primary key, "first_name" character varying NOT NULL, "last_name" character varying NOT NULL, "house" character varying NOT NULL, "created_at" timestamp NOT NULL, "updated_at" timestamp NOT NULL)[0m
  [1m[35mSQL (0.5ms)[0m  [1m[32mINSERT INTO "schema_migrations" ("version") VALUES ($1) RETURNING "version"[0m  [["version", "20171012231204"]]
  [1m[35m (0.6ms)[0m  [1m[35mCOMMIT[0m
  [1m[36mActiveRecord::InternalMetadata Load (0.4ms)[0m  [1m[34mSELECT  "ar_internal_metadata".* FROM "ar_internal_metadata" WHERE "ar_internal_metadata"."key" = $1 LIMIT $2[0m  [["key", :environment], ["LIMIT", 1]]
  [1m[35m (0.2ms)[0m  [1m[35mBEGIN[0m
  [1m[35m (0.2ms)[0m  [1m[35mCOMMIT[0m
  [1m[35m (0.3ms)[0m  [1m[34mSELECT pg_advisory_unlock(8546372934869750190)[0m
  [1m[36mActiveRecord::SchemaMigration Load (0.2ms)[0m  [1m[34mSELECT "schema_migrations".* FROM "schema_migrations"[0m
  [1m[35m (3.6ms)[0m  [1m[34mSELECT t2.oid::regclass::text AS to_table, a1.attname AS column, a2.attname AS primary_key, c.conname AS name, c.confupdtype AS on_update, c.confdeltype AS on_delete
FROM pg_constraint c
JOIN pg_class t1 ON c.conrelid = t1.oid
JOIN pg_class t2 ON c.confrelid = t2.oid
JOIN pg_attribute a1 ON a1.attnum = c.conkey[1] AND a1.attrelid = t1.oid
JOIN pg_attribute a2 ON a2.attnum = c.confkey[1] AND a2.attrelid = t2.oid
JOIN pg_namespace t3 ON c.connamespace = t3.oid
WHERE c.contype = 'f'
  AND t1.relname = 'houses'
  AND t3.nspname = ANY (current_schemas(false))
ORDER BY c.conname
[0m
  [1m[35m (3.1ms)[0m  [1m[34mSELECT t2.oid::regclass::text AS to_table, a1.attname AS column, a2.attname AS primary_key, c.conname AS name, c.confupdtype AS on_update, c.confdeltype AS on_delete
FROM pg_constraint c
JOIN pg_class t1 ON c.conrelid = t1.oid
JOIN pg_class t2 ON c.confrelid = t2.oid
JOIN pg_attribute a1 ON a1.attnum = c.conkey[1] AND a1.attrelid = t1.oid
JOIN pg_attribute a2 ON a2.attnum = c.confkey[1] AND a2.attrelid = t2.oid
JOIN pg_namespace t3 ON c.connamespace = t3.oid
WHERE c.contype = 'f'
  AND t1.relname = 'members'
  AND t3.nspname = ANY (current_schemas(false))
ORDER BY c.conname
[0m
DEPRECATION WARNING: ActiveRecord::Base.raise_in_transactional_callbacks= is deprecated, has no effect and will be removed without replacement. (called from load at /Users/peterrobitaille/.gem/ruby/2.3.3/bin/rake:22)
  [1m[36mActiveRecord::SchemaMigration Load (0.5ms)[0m  [1m[34mSELECT "schema_migrations".* FROM "schema_migrations"[0m
  [1m[35m (0.3ms)[0m  [1m[34mSELECT pg_try_advisory_lock(8546372934869750190);[0m
  [1m[36mActiveRecord::SchemaMigration Load (0.2ms)[0m  [1m[34mSELECT "schema_migrations".* FROM "schema_migrations"[0m
Migrating to CreateMembers (20171012231204)
  [1m[35m (0.2ms)[0m  [1m[35mBEGIN[0m
  [1m[35m (1.9ms)[0m  [1m[35mDROP TABLE "members"[0m
  [1m[35mSQL (0.8ms)[0m  [1m[31mDELETE FROM "schema_migrations" WHERE "schema_migrations"."version" = $1[0m  [["version", "20171012231204"]]
  [1m[35m (1.4ms)[0m  [1m[35mCOMMIT[0m
  [1m[35m (0.3ms)[0m  [1m[34mSELECT pg_advisory_unlock(8546372934869750190)[0m
  [1m[36mActiveRecord::SchemaMigration Load (0.3ms)[0m  [1m[34mSELECT "schema_migrations".* FROM "schema_migrations"[0m
  [1m[35m (4.2ms)[0m  [1m[34mSELECT t2.oid::regclass::text AS to_table, a1.attname AS column, a2.attname AS primary_key, c.conname AS name, c.confupdtype AS on_update, c.confdeltype AS on_delete
FROM pg_constraint c
JOIN pg_class t1 ON c.conrelid = t1.oid
JOIN pg_class t2 ON c.confrelid = t2.oid
JOIN pg_attribute a1 ON a1.attnum = c.conkey[1] AND a1.attrelid = t1.oid
JOIN pg_attribute a2 ON a2.attnum = c.confkey[1] AND a2.attrelid = t2.oid
JOIN pg_namespace t3 ON c.connamespace = t3.oid
WHERE c.contype = 'f'
  AND t1.relname = 'houses'
  AND t3.nspname = ANY (current_schemas(false))
ORDER BY c.conname
[0m
DEPRECATION WARNING: ActiveRecord::Base.raise_in_transactional_callbacks= is deprecated, has no effect and will be removed without replacement. (called from load at /Users/peterrobitaille/.gem/ruby/2.3.3/bin/rake:22)
  [1m[35m (0.3ms)[0m  [1m[34mSELECT pg_try_advisory_lock(8546372934869750190);[0m
  [1m[36mActiveRecord::SchemaMigration Load (0.6ms)[0m  [1m[34mSELECT "schema_migrations".* FROM "schema_migrations"[0m
Migrating to CreateMembers (20171012231204)
  [1m[35m (0.2ms)[0m  [1m[35mBEGIN[0m
  [1m[35m (4.7ms)[0m  [1m[35mCREATE TABLE "members" ("id" serial primary key, "first_name" character varying NOT NULL, "last_name" character varying NOT NULL, "house" character varying NOT NULL, "house_id" integer, "created_at" timestamp NOT NULL, "updated_at" timestamp NOT NULL)[0m
  [1m[35m (0.9ms)[0m  [1m[35mCREATE  INDEX  "index_members_on_house_id" ON "members"  ("house_id")[0m
  [1m[35mSQL (0.5ms)[0m  [1m[32mINSERT INTO "schema_migrations" ("version") VALUES ($1) RETURNING "version"[0m  [["version", "20171012231204"]]
  [1m[35m (0.7ms)[0m  [1m[35mCOMMIT[0m
  [1m[36mActiveRecord::InternalMetadata Load (0.4ms)[0m  [1m[34mSELECT  "ar_internal_metadata".* FROM "ar_internal_metadata" WHERE "ar_internal_metadata"."key" = $1 LIMIT $2[0m  [["key", :environment], ["LIMIT", 1]]
  [1m[35m (0.2ms)[0m  [1m[35mBEGIN[0m
  [1m[35m (0.1ms)[0m  [1m[35mCOMMIT[0m
  [1m[35m (0.3ms)[0m  [1m[34mSELECT pg_advisory_unlock(8546372934869750190)[0m
  [1m[36mActiveRecord::SchemaMigration Load (0.3ms)[0m  [1m[34mSELECT "schema_migrations".* FROM "schema_migrations"[0m
  [1m[35m (3.8ms)[0m  [1m[34mSELECT t2.oid::regclass::text AS to_table, a1.attname AS column, a2.attname AS primary_key, c.conname AS name, c.confupdtype AS on_update, c.confdeltype AS on_delete
FROM pg_constraint c
JOIN pg_class t1 ON c.conrelid = t1.oid
JOIN pg_class t2 ON c.confrelid = t2.oid
JOIN pg_attribute a1 ON a1.attnum = c.conkey[1] AND a1.attrelid = t1.oid
JOIN pg_attribute a2 ON a2.attnum = c.confkey[1] AND a2.attrelid = t2.oid
JOIN pg_namespace t3 ON c.connamespace = t3.oid
WHERE c.contype = 'f'
  AND t1.relname = 'houses'
  AND t3.nspname = ANY (current_schemas(false))
ORDER BY c.conname
[0m
  [1m[35m (3.2ms)[0m  [1m[34mSELECT t2.oid::regclass::text AS to_table, a1.attname AS column, a2.attname AS primary_key, c.conname AS name, c.confupdtype AS on_update, c.confdeltype AS on_delete
FROM pg_constraint c
JOIN pg_class t1 ON c.conrelid = t1.oid
JOIN pg_class t2 ON c.confrelid = t2.oid
JOIN pg_attribute a1 ON a1.attnum = c.conkey[1] AND a1.attrelid = t1.oid
JOIN pg_attribute a2 ON a2.attnum = c.confkey[1] AND a2.attrelid = t2.oid
JOIN pg_namespace t3 ON c.connamespace = t3.oid
WHERE c.contype = 'f'
  AND t1.relname = 'members'
  AND t3.nspname = ANY (current_schemas(false))
ORDER BY c.conname
[0m
DEPRECATION WARNING: ActiveRecord::Base.raise_in_transactional_callbacks= is deprecated, has no effect and will be removed without replacement. (called from load at /Users/peterrobitaille/.gem/ruby/2.3.3/bin/rake:22)
  [1m[36mActiveRecord::SchemaMigration Load (0.4ms)[0m  [1m[34mSELECT "schema_migrations".* FROM "schema_migrations"[0m
  [1m[35m (0.3ms)[0m  [1m[34mSELECT pg_try_advisory_lock(8546372934869750190);[0m
  [1m[36mActiveRecord::SchemaMigration Load (0.2ms)[0m  [1m[34mSELECT "schema_migrations".* FROM "schema_migrations"[0m
Migrating to CreateMembers (20171012231204)
  [1m[35m (0.2ms)[0m  [1m[35mBEGIN[0m
  [1m[35m (1.9ms)[0m  [1m[35mDROP TABLE "members"[0m
  [1m[35mSQL (0.8ms)[0m  [1m[31mDELETE FROM "schema_migrations" WHERE "schema_migrations"."version" = $1[0m  [["version", "20171012231204"]]
  [1m[35m (1.3ms)[0m  [1m[35mCOMMIT[0m
  [1m[35m (0.3ms)[0m  [1m[34mSELECT pg_advisory_unlock(8546372934869750190)[0m
  [1m[36mActiveRecord::SchemaMigration Load (0.3ms)[0m  [1m[34mSELECT "schema_migrations".* FROM "schema_migrations"[0m
  [1m[35m (3.9ms)[0m  [1m[34mSELECT t2.oid::regclass::text AS to_table, a1.attname AS column, a2.attname AS primary_key, c.conname AS name, c.confupdtype AS on_update, c.confdeltype AS on_delete
FROM pg_constraint c
JOIN pg_class t1 ON c.conrelid = t1.oid
JOIN pg_class t2 ON c.confrelid = t2.oid
JOIN pg_attribute a1 ON a1.attnum = c.conkey[1] AND a1.attrelid = t1.oid
JOIN pg_attribute a2 ON a2.attnum = c.confkey[1] AND a2.attrelid = t2.oid
JOIN pg_namespace t3 ON c.connamespace = t3.oid
WHERE c.contype = 'f'
  AND t1.relname = 'houses'
  AND t3.nspname = ANY (current_schemas(false))
ORDER BY c.conname
[0m
DEPRECATION WARNING: ActiveRecord::Base.raise_in_transactional_callbacks= is deprecated, has no effect and will be removed without replacement. (called from load at /Users/peterrobitaille/.gem/ruby/2.3.3/bin/rake:22)
  [1m[35m (0.3ms)[0m  [1m[34mSELECT pg_try_advisory_lock(8546372934869750190);[0m
  [1m[36mActiveRecord::SchemaMigration Load (0.5ms)[0m  [1m[34mSELECT "schema_migrations".* FROM "schema_migrations"[0m
Migrating to CreateMembers (20171012231204)
  [1m[35m (0.2ms)[0m  [1m[35mBEGIN[0m
  [1m[35m (6.2ms)[0m  [1m[35mCREATE TABLE "members" ("id" serial primary key, "first_name" character varying NOT NULL, "last_name" character varying NOT NULL, "house" character varying NOT NULL, "house_id" integer, "created_at" timestamp NOT NULL, "updated_at" timestamp NOT NULL)[0m
  [1m[35m (0.9ms)[0m  [1m[35mCREATE  INDEX  "index_members_on_house_id" ON "members"  ("house_id")[0m
  [1m[35mSQL (0.5ms)[0m  [1m[32mINSERT INTO "schema_migrations" ("version") VALUES ($1) RETURNING "version"[0m  [["version", "20171012231204"]]
  [1m[35m (0.5ms)[0m  [1m[35mCOMMIT[0m
  [1m[36mActiveRecord::InternalMetadata Load (0.5ms)[0m  [1m[34mSELECT  "ar_internal_metadata".* FROM "ar_internal_metadata" WHERE "ar_internal_metadata"."key" = $1 LIMIT $2[0m  [["key", :environment], ["LIMIT", 1]]
  [1m[35m (0.2ms)[0m  [1m[35mBEGIN[0m
  [1m[35m (0.1ms)[0m  [1m[35mCOMMIT[0m
  [1m[35m (0.2ms)[0m  [1m[34mSELECT pg_advisory_unlock(8546372934869750190)[0m
  [1m[36mActiveRecord::SchemaMigration Load (0.3ms)[0m  [1m[34mSELECT "schema_migrations".* FROM "schema_migrations"[0m
  [1m[35m (3.6ms)[0m  [1m[34mSELECT t2.oid::regclass::text AS to_table, a1.attname AS column, a2.attname AS primary_key, c.conname AS name, c.confupdtype AS on_update, c.confdeltype AS on_delete
FROM pg_constraint c
JOIN pg_class t1 ON c.conrelid = t1.oid
JOIN pg_class t2 ON c.confrelid = t2.oid
JOIN pg_attribute a1 ON a1.attnum = c.conkey[1] AND a1.attrelid = t1.oid
JOIN pg_attribute a2 ON a2.attnum = c.confkey[1] AND a2.attrelid = t2.oid
JOIN pg_namespace t3 ON c.connamespace = t3.oid
WHERE c.contype = 'f'
  AND t1.relname = 'houses'
  AND t3.nspname = ANY (current_schemas(false))
ORDER BY c.conname
[0m
  [1m[35m (3.0ms)[0m  [1m[34mSELECT t2.oid::regclass::text AS to_table, a1.attname AS column, a2.attname AS primary_key, c.conname AS name, c.confupdtype AS on_update, c.confdeltype AS on_delete
FROM pg_constraint c
JOIN pg_class t1 ON c.conrelid = t1.oid
JOIN pg_class t2 ON c.confrelid = t2.oid
JOIN pg_attribute a1 ON a1.attnum = c.conkey[1] AND a1.attrelid = t1.oid
JOIN pg_attribute a2 ON a2.attnum = c.confkey[1] AND a2.attrelid = t2.oid
JOIN pg_namespace t3 ON c.connamespace = t3.oid
WHERE c.contype = 'f'
  AND t1.relname = 'members'
  AND t3.nspname = ANY (current_schemas(false))
ORDER BY c.conname
[0m
Started GET "/houses/new" for ::1 at 2017-10-12 19:32:41 -0400
DEPRECATION WARNING: ActiveRecord::Base.raise_in_transactional_callbacks= is deprecated, has no effect and will be removed without replacement. (called from raise_in_transactional_callbacks= at /Users/peterrobitaille/.gem/ruby/2.3.3/gems/activerecord-5.0.0/lib/active_record/transactions.rb:283)
  [1m[36mActiveRecord::SchemaMigration Load (0.6ms)[0m  [1m[34mSELECT "schema_migrations".* FROM "schema_migrations"[0m
Processing by HousesController#new as HTML
  Rendering houses/new.html.erb within layouts/application
  Rendered houses/new.html.erb within layouts/application (31.1ms)
Completed 200 OK in 345ms (Views: 323.4ms | ActiveRecord: 5.2ms)


Started POST "/houses" for ::1 at 2017-10-12 19:33:00 -0400
Processing by HousesController#create as HTML
  Parameters: {"utf8"=>"✓", "authenticity_token"=>"TSk63ZfOMkeYY7+Y2R56uGwgiNyWBLjp16UA3NgSz9VuApSko68oy2AJHrW7/5V3U9rCuzRfCB+rTnkcaQW8HQ==", "house"=>{"name"=>"Peter", "author"=>"Peter", "source"=>"Peter ", "motto"=>"Peter"}, "commit"=>"Add House"}
  [1m[35m (0.3ms)[0m  [1m[35mBEGIN[0m
  [1m[35mSQL (1.9ms)[0m  [1m[32mINSERT INTO "houses" ("name", "author", "source", "motto", "created_at", "updated_at") VALUES ($1, $2, $3, $4, $5, $6) RETURNING "id"[0m  [["name", "Peter"], ["author", "Peter"], ["source", "Peter "], ["motto", "Peter"], ["created_at", 2017-10-12 23:33:00 UTC], ["updated_at", 2017-10-12 23:33:00 UTC]]
  [1m[35m (0.6ms)[0m  [1m[35mCOMMIT[0m
Redirected to http://localhost:3000/
Completed 302 Found in 9ms (ActiveRecord: 2.8ms)


Started GET "/" for ::1 at 2017-10-12 19:33:00 -0400
Processing by HousesController#index as HTML
  Rendering houses/index.html.erb within layouts/application
  [1m[36mHouse Load (0.4ms)[0m  [1m[34mSELECT "houses".* FROM "houses"[0m
  Rendered houses/index.html.erb within layouts/application (1.4ms)
Completed 200 OK in 13ms (Views: 11.2ms | ActiveRecord: 0.4ms)


Started GET "/houses/1" for ::1 at 2017-10-12 19:33:03 -0400
Processing by HousesController#show as HTML
  Parameters: {"id"=>"1"}
  [1m[36mHouse Load (0.3ms)[0m  [1m[34mSELECT  "houses".* FROM "houses" WHERE "houses"."id" = $1 LIMIT $2[0m  [["id", 1], ["LIMIT", 1]]
  Rendering houses/show.html.erb within layouts/application
  [1m[36mMember Load (3.4ms)[0m  [1m[34mSELECT "members".* FROM "members" WHERE "members"."house_id" = $1[0m  [["house_id", 1]]
  Rendered houses/show.html.erb within layouts/application (26.8ms)
Completed 200 OK in 78ms (Views: 46.3ms | ActiveRecord: 7.7ms)


DEPRECATION WARNING: ActiveRecord::Base.raise_in_transactional_callbacks= is deprecated, has no effect and will be removed without replacement. (called from load at /Users/peterrobitaille/.gem/ruby/2.3.3/bin/rake:22)
  [1m[36mActiveRecord::SchemaMigration Load (0.7ms)[0m  [1m[34mSELECT "schema_migrations".* FROM "schema_migrations"[0m
  [1m[35m (0.4ms)[0m  [1m[34mSELECT "ar_internal_metadata"."value" FROM "ar_internal_metadata" WHERE "ar_internal_metadata"."key" = $1[0m  [["key", :environment]]
  [1m[36mActiveRecord::SchemaMigration Load (0.2ms)[0m  [1m[34mSELECT "schema_migrations".* FROM "schema_migrations"[0m
  [1m[35m (0.2ms)[0m  [1m[34mSELECT "ar_internal_metadata"."value" FROM "ar_internal_metadata" WHERE "ar_internal_metadata"."key" = $1[0m  [["key", :environment]]
  [1m[36mActiveRecord::SchemaMigration Load (0.2ms)[0m  [1m[34mSELECT "schema_migrations".* FROM "schema_migrations"[0m
  [1m[35m (0.2ms)[0m  [1m[34mSELECT "ar_internal_metadata"."value" FROM "ar_internal_metadata" WHERE "ar_internal_metadata"."key" = $1[0m  [["key", :environment]]
  [1m[35m (127.6ms)[0m  [1m[35mDROP DATABASE IF EXISTS "fantasy_houses_test"[0m
  [1m[35m (327.4ms)[0m  [1m[35mCREATE DATABASE "fantasy_houses_test" ENCODING = 'unicode'[0m
  [1m[35mSQL (0.5ms)[0m  [1m[35mCREATE EXTENSION IF NOT EXISTS "plpgsql"[0m
  [1m[35m (6.5ms)[0m  [1m[35mCREATE TABLE "houses" ("id" serial primary key, "name" character varying NOT NULL, "author" character varying NOT NULL, "source" character varying NOT NULL, "motto" character varying, "created_at" timestamp NOT NULL, "updated_at" timestamp NOT NULL)[0m
  [1m[35m (3.6ms)[0m  [1m[35mCREATE TABLE "members" ("id" serial primary key, "first_name" character varying NOT NULL, "last_name" character varying NOT NULL, "house" character varying NOT NULL, "house_id" integer, "created_at" timestamp NOT NULL, "updated_at" timestamp NOT NULL)[0m
  [1m[35m (1.1ms)[0m  [1m[35mCREATE  INDEX  "index_members_on_house_id" ON "members" USING btree ("house_id")[0m
  [1m[35m (2.7ms)[0m  [1m[35mCREATE TABLE "schema_migrations" ("version" character varying PRIMARY KEY)[0m
  [1m[35m (0.4ms)[0m  [1m[34mSELECT version FROM "schema_migrations"[0m
  [1m[35m (0.5ms)[0m  [1m[32mINSERT INTO "schema_migrations" (version) VALUES ('20171012231204')[0m
  [1m[35m (0.4ms)[0m  [1m[32mINSERT INTO schema_migrations (version) VALUES ('20171012213659'), ('20171012213727');

[0m
  [1m[35m (2.8ms)[0m  [1m[35mCREATE TABLE "ar_internal_metadata" ("key" character varying PRIMARY KEY, "value" character varying, "created_at" timestamp NOT NULL, "updated_at" timestamp NOT NULL)[0m
  [1m[36mActiveRecord::InternalMetadata Load (0.5ms)[0m  [1m[34mSELECT  "ar_internal_metadata".* FROM "ar_internal_metadata" WHERE "ar_internal_metadata"."key" = $1 LIMIT $2[0m  [["key", :environment], ["LIMIT", 1]]
  [1m[35m (0.2ms)[0m  [1m[35mBEGIN[0m
  [1m[35mSQL (0.4ms)[0m  [1m[32mINSERT INTO "ar_internal_metadata" ("key", "value", "created_at", "updated_at") VALUES ($1, $2, $3, $4) RETURNING "key"[0m  [["key", "environment"], ["value", "development"], ["created_at", 2017-10-12 23:38:45 UTC], ["updated_at", 2017-10-12 23:38:45 UTC]]
  [1m[35m (0.3ms)[0m  [1m[35mCOMMIT[0m
  [1m[36mActiveRecord::InternalMetadata Load (0.3ms)[0m  [1m[34mSELECT  "ar_internal_metadata".* FROM "ar_internal_metadata" WHERE "ar_internal_metadata"."key" = $1 LIMIT $2[0m  [["key", :environment], ["LIMIT", 1]]
  [1m[35m (0.1ms)[0m  [1m[35mBEGIN[0m
  [1m[35m (0.2ms)[0m  [1m[35mCOMMIT[0m
DEPRECATION WARNING: ActiveRecord::Base.raise_in_transactional_callbacks= is deprecated, has no effect and will be removed without replacement. (called from load at /Users/peterrobitaille/.gem/ruby/2.3.3/bin/rake:22)
  [1m[36mActiveRecord::SchemaMigration Load (0.7ms)[0m  [1m[34mSELECT "schema_migrations".* FROM "schema_migrations"[0m
  [1m[35m (0.3ms)[0m  [1m[34mSELECT pg_try_advisory_lock(8546372934869750190);[0m
  [1m[36mActiveRecord::SchemaMigration Load (0.3ms)[0m  [1m[34mSELECT "schema_migrations".* FROM "schema_migrations"[0m
Migrating to CreateMembers (20171012231204)
  [1m[35m (0.2ms)[0m  [1m[35mBEGIN[0m
  [1m[35m (2.0ms)[0m  [1m[35mDROP TABLE "members"[0m
  [1m[35mSQL (0.9ms)[0m  [1m[31mDELETE FROM "schema_migrations" WHERE "schema_migrations"."version" = $1[0m  [["version", "20171012231204"]]
  [1m[35m (2.4ms)[0m  [1m[35mCOMMIT[0m
  [1m[35m (0.3ms)[0m  [1m[34mSELECT pg_advisory_unlock(8546372934869750190)[0m
  [1m[36mActiveRecord::SchemaMigration Load (0.2ms)[0m  [1m[34mSELECT "schema_migrations".* FROM "schema_migrations"[0m
  [1m[35m (3.5ms)[0m  [1m[34mSELECT t2.oid::regclass::text AS to_table, a1.attname AS column, a2.attname AS primary_key, c.conname AS name, c.confupdtype AS on_update, c.confdeltype AS on_delete
FROM pg_constraint c
JOIN pg_class t1 ON c.conrelid = t1.oid
JOIN pg_class t2 ON c.confrelid = t2.oid
JOIN pg_attribute a1 ON a1.attnum = c.conkey[1] AND a1.attrelid = t1.oid
JOIN pg_attribute a2 ON a2.attnum = c.confkey[1] AND a2.attrelid = t2.oid
JOIN pg_namespace t3 ON c.connamespace = t3.oid
WHERE c.contype = 'f'
  AND t1.relname = 'houses'
  AND t3.nspname = ANY (current_schemas(false))
ORDER BY c.conname
[0m
DEPRECATION WARNING: ActiveRecord::Base.raise_in_transactional_callbacks= is deprecated, has no effect and will be removed without replacement. (called from load at /Users/peterrobitaille/.gem/ruby/2.3.3/bin/rake:22)
  [1m[35m (0.3ms)[0m  [1m[34mSELECT pg_try_advisory_lock(8546372934869750190);[0m
  [1m[36mActiveRecord::SchemaMigration Load (0.6ms)[0m  [1m[34mSELECT "schema_migrations".* FROM "schema_migrations"[0m
Migrating to CreateMembers (20171012231204)
  [1m[35m (0.2ms)[0m  [1m[35mBEGIN[0m
  [1m[35m (6.9ms)[0m  [1m[35mCREATE TABLE "members" ("id" serial primary key, "first_name" character varying NOT NULL, "last_name" character varying NOT NULL, "house_id" integer, "created_at" timestamp NOT NULL, "updated_at" timestamp NOT NULL)[0m
  [1m[35m (0.8ms)[0m  [1m[35mCREATE  INDEX  "index_members_on_house_id" ON "members"  ("house_id")[0m
  [1m[35mSQL (0.9ms)[0m  [1m[32mINSERT INTO "schema_migrations" ("version") VALUES ($1) RETURNING "version"[0m  [["version", "20171012231204"]]
  [1m[35m (0.7ms)[0m  [1m[35mCOMMIT[0m
  [1m[36mActiveRecord::InternalMetadata Load (0.5ms)[0m  [1m[34mSELECT  "ar_internal_metadata".* FROM "ar_internal_metadata" WHERE "ar_internal_metadata"."key" = $1 LIMIT $2[0m  [["key", :environment], ["LIMIT", 1]]
  [1m[35m (0.2ms)[0m  [1m[35mBEGIN[0m
  [1m[35m (0.1ms)[0m  [1m[35mCOMMIT[0m
  [1m[35m (0.3ms)[0m  [1m[34mSELECT pg_advisory_unlock(8546372934869750190)[0m
  [1m[36mActiveRecord::SchemaMigration Load (0.2ms)[0m  [1m[34mSELECT "schema_migrations".* FROM "schema_migrations"[0m
  [1m[35m (3.6ms)[0m  [1m[34mSELECT t2.oid::regclass::text AS to_table, a1.attname AS column, a2.attname AS primary_key, c.conname AS name, c.confupdtype AS on_update, c.confdeltype AS on_delete
FROM pg_constraint c
JOIN pg_class t1 ON c.conrelid = t1.oid
JOIN pg_class t2 ON c.confrelid = t2.oid
JOIN pg_attribute a1 ON a1.attnum = c.conkey[1] AND a1.attrelid = t1.oid
JOIN pg_attribute a2 ON a2.attnum = c.confkey[1] AND a2.attrelid = t2.oid
JOIN pg_namespace t3 ON c.connamespace = t3.oid
WHERE c.contype = 'f'
  AND t1.relname = 'houses'
  AND t3.nspname = ANY (current_schemas(false))
ORDER BY c.conname
[0m
  [1m[35m (3.0ms)[0m  [1m[34mSELECT t2.oid::regclass::text AS to_table, a1.attname AS column, a2.attname AS primary_key, c.conname AS name, c.confupdtype AS on_update, c.confdeltype AS on_delete
FROM pg_constraint c
JOIN pg_class t1 ON c.conrelid = t1.oid
JOIN pg_class t2 ON c.confrelid = t2.oid
JOIN pg_attribute a1 ON a1.attnum = c.conkey[1] AND a1.attrelid = t1.oid
JOIN pg_attribute a2 ON a2.attnum = c.confkey[1] AND a2.attrelid = t2.oid
JOIN pg_namespace t3 ON c.connamespace = t3.oid
WHERE c.contype = 'f'
  AND t1.relname = 'members'
  AND t3.nspname = ANY (current_schemas(false))
ORDER BY c.conname
[0m
DEPRECATION WARNING: ActiveRecord::Base.raise_in_transactional_callbacks= is deprecated, has no effect and will be removed without replacement. (called from load at /Users/peterrobitaille/.gem/ruby/2.3.3/bin/rake:22)
  [1m[36mActiveRecord::SchemaMigration Load (0.6ms)[0m  [1m[34mSELECT "schema_migrations".* FROM "schema_migrations"[0m
  [1m[35m (0.3ms)[0m  [1m[34mSELECT pg_try_advisory_lock(8546372934869750190);[0m
  [1m[36mActiveRecord::SchemaMigration Load (0.2ms)[0m  [1m[34mSELECT "schema_migrations".* FROM "schema_migrations"[0m
Migrating to CreateMembers (20171012231204)
  [1m[35m (0.2ms)[0m  [1m[35mBEGIN[0m
  [1m[35m (1.8ms)[0m  [1m[35mDROP TABLE "members"[0m
  [1m[35mSQL (0.8ms)[0m  [1m[31mDELETE FROM "schema_migrations" WHERE "schema_migrations"."version" = $1[0m  [["version", "20171012231204"]]
  [1m[35m (2.3ms)[0m  [1m[35mCOMMIT[0m
  [1m[35m (0.3ms)[0m  [1m[34mSELECT pg_advisory_unlock(8546372934869750190)[0m
  [1m[36mActiveRecord::SchemaMigration Load (0.3ms)[0m  [1m[34mSELECT "schema_migrations".* FROM "schema_migrations"[0m
  [1m[35m (3.5ms)[0m  [1m[34mSELECT t2.oid::regclass::text AS to_table, a1.attname AS column, a2.attname AS primary_key, c.conname AS name, c.confupdtype AS on_update, c.confdeltype AS on_delete
FROM pg_constraint c
JOIN pg_class t1 ON c.conrelid = t1.oid
JOIN pg_class t2 ON c.confrelid = t2.oid
JOIN pg_attribute a1 ON a1.attnum = c.conkey[1] AND a1.attrelid = t1.oid
JOIN pg_attribute a2 ON a2.attnum = c.confkey[1] AND a2.attrelid = t2.oid
JOIN pg_namespace t3 ON c.connamespace = t3.oid
WHERE c.contype = 'f'
  AND t1.relname = 'houses'
  AND t3.nspname = ANY (current_schemas(false))
ORDER BY c.conname
[0m
DEPRECATION WARNING: ActiveRecord::Base.raise_in_transactional_callbacks= is deprecated, has no effect and will be removed without replacement. (called from load at /Users/peterrobitaille/.gem/ruby/2.3.3/bin/rake:22)
  [1m[35m (0.3ms)[0m  [1m[34mSELECT pg_try_advisory_lock(8546372934869750190);[0m
  [1m[36mActiveRecord::SchemaMigration Load (0.6ms)[0m  [1m[34mSELECT "schema_migrations".* FROM "schema_migrations"[0m
Migrating to CreateMembers (20171012231204)
  [1m[35m (0.3ms)[0m  [1m[35mBEGIN[0m
  [1m[35m (6.3ms)[0m  [1m[35mCREATE TABLE "members" ("id" serial primary key, "first_name" character varying NOT NULL, "last_name" character varying NOT NULL, "house_id" integer, "created_at" timestamp NOT NULL, "updated_at" timestamp NOT NULL)[0m
  [1m[35m (0.9ms)[0m  [1m[35mCREATE  INDEX  "index_members_on_house_id" ON "members"  ("house_id")[0m
  [1m[35mSQL (0.7ms)[0m  [1m[32mINSERT INTO "schema_migrations" ("version") VALUES ($1) RETURNING "version"[0m  [["version", "20171012231204"]]
  [1m[35m (0.6ms)[0m  [1m[35mCOMMIT[0m
  [1m[36mActiveRecord::InternalMetadata Load (0.7ms)[0m  [1m[34mSELECT  "ar_internal_metadata".* FROM "ar_internal_metadata" WHERE "ar_internal_metadata"."key" = $1 LIMIT $2[0m  [["key", :environment], ["LIMIT", 1]]
  [1m[35m (0.2ms)[0m  [1m[35mBEGIN[0m
  [1m[35m (0.2ms)[0m  [1m[35mCOMMIT[0m
  [1m[35m (0.3ms)[0m  [1m[34mSELECT pg_advisory_unlock(8546372934869750190)[0m
  [1m[36mActiveRecord::SchemaMigration Load (0.3ms)[0m  [1m[34mSELECT "schema_migrations".* FROM "schema_migrations"[0m
  [1m[35m (3.7ms)[0m  [1m[34mSELECT t2.oid::regclass::text AS to_table, a1.attname AS column, a2.attname AS primary_key, c.conname AS name, c.confupdtype AS on_update, c.confdeltype AS on_delete
FROM pg_constraint c
JOIN pg_class t1 ON c.conrelid = t1.oid
JOIN pg_class t2 ON c.confrelid = t2.oid
JOIN pg_attribute a1 ON a1.attnum = c.conkey[1] AND a1.attrelid = t1.oid
JOIN pg_attribute a2 ON a2.attnum = c.confkey[1] AND a2.attrelid = t2.oid
JOIN pg_namespace t3 ON c.connamespace = t3.oid
WHERE c.contype = 'f'
  AND t1.relname = 'houses'
  AND t3.nspname = ANY (current_schemas(false))
ORDER BY c.conname
[0m
  [1m[35m (3.2ms)[0m  [1m[34mSELECT t2.oid::regclass::text AS to_table, a1.attname AS column, a2.attname AS primary_key, c.conname AS name, c.confupdtype AS on_update, c.confdeltype AS on_delete
FROM pg_constraint c
JOIN pg_class t1 ON c.conrelid = t1.oid
JOIN pg_class t2 ON c.confrelid = t2.oid
JOIN pg_attribute a1 ON a1.attnum = c.conkey[1] AND a1.attrelid = t1.oid
JOIN pg_attribute a2 ON a2.attnum = c.confkey[1] AND a2.attrelid = t2.oid
JOIN pg_namespace t3 ON c.connamespace = t3.oid
WHERE c.contype = 'f'
  AND t1.relname = 'members'
  AND t3.nspname = ANY (current_schemas(false))
ORDER BY c.conname
[0m
DEPRECATION WARNING: ActiveRecord::Base.raise_in_transactional_callbacks= is deprecated, has no effect and will be removed without replacement. (called from load at /Users/peterrobitaille/.gem/ruby/2.3.3/bin/rake:22)
  [1m[36mActiveRecord::SchemaMigration Load (0.5ms)[0m  [1m[34mSELECT "schema_migrations".* FROM "schema_migrations"[0m
  [1m[35m (0.4ms)[0m  [1m[34mSELECT "ar_internal_metadata"."value" FROM "ar_internal_metadata" WHERE "ar_internal_metadata"."key" = $1[0m  [["key", :environment]]
  [1m[36mActiveRecord::SchemaMigration Load (0.2ms)[0m  [1m[34mSELECT "schema_migrations".* FROM "schema_migrations"[0m
  [1m[35m (0.2ms)[0m  [1m[34mSELECT "ar_internal_metadata"."value" FROM "ar_internal_metadata" WHERE "ar_internal_metadata"."key" = $1[0m  [["key", :environment]]
  [1m[36mActiveRecord::SchemaMigration Load (0.2ms)[0m  [1m[34mSELECT "schema_migrations".* FROM "schema_migrations"[0m
  [1m[35m (0.2ms)[0m  [1m[34mSELECT "ar_internal_metadata"."value" FROM "ar_internal_metadata" WHERE "ar_internal_metadata"."key" = $1[0m  [["key", :environment]]
  [1m[35m (125.3ms)[0m  [1m[35mDROP DATABASE IF EXISTS "fantasy_houses_test"[0m
  [1m[35m (305.5ms)[0m  [1m[35mCREATE DATABASE "fantasy_houses_test" ENCODING = 'unicode'[0m
  [1m[35mSQL (0.4ms)[0m  [1m[35mCREATE EXTENSION IF NOT EXISTS "plpgsql"[0m
  [1m[35m (6.2ms)[0m  [1m[35mCREATE TABLE "houses" ("id" serial primary key, "name" character varying NOT NULL, "author" character varying NOT NULL, "source" character varying NOT NULL, "motto" character varying, "created_at" timestamp NOT NULL, "updated_at" timestamp NOT NULL)[0m
  [1m[35m (4.3ms)[0m  [1m[35mCREATE TABLE "members" ("id" serial primary key, "first_name" character varying NOT NULL, "last_name" character varying NOT NULL, "house_id" integer, "created_at" timestamp NOT NULL, "updated_at" timestamp NOT NULL)[0m
  [1m[35m (1.1ms)[0m  [1m[35mCREATE  INDEX  "index_members_on_house_id" ON "members" USING btree ("house_id")[0m
  [1m[35m (3.1ms)[0m  [1m[35mCREATE TABLE "schema_migrations" ("version" character varying PRIMARY KEY)[0m
  [1m[35m (0.5ms)[0m  [1m[34mSELECT version FROM "schema_migrations"[0m
  [1m[35m (0.6ms)[0m  [1m[32mINSERT INTO "schema_migrations" (version) VALUES ('20171012231204')[0m
  [1m[35m (0.4ms)[0m  [1m[32mINSERT INTO schema_migrations (version) VALUES ('20171012213659'), ('20171012213727');

[0m
  [1m[35m (2.5ms)[0m  [1m[35mCREATE TABLE "ar_internal_metadata" ("key" character varying PRIMARY KEY, "value" character varying, "created_at" timestamp NOT NULL, "updated_at" timestamp NOT NULL)[0m
  [1m[36mActiveRecord::InternalMetadata Load (0.4ms)[0m  [1m[34mSELECT  "ar_internal_metadata".* FROM "ar_internal_metadata" WHERE "ar_internal_metadata"."key" = $1 LIMIT $2[0m  [["key", :environment], ["LIMIT", 1]]
  [1m[35m (0.2ms)[0m  [1m[35mBEGIN[0m
  [1m[35mSQL (0.5ms)[0m  [1m[32mINSERT INTO "ar_internal_metadata" ("key", "value", "created_at", "updated_at") VALUES ($1, $2, $3, $4) RETURNING "key"[0m  [["key", "environment"], ["value", "development"], ["created_at", 2017-10-12 23:48:29 UTC], ["updated_at", 2017-10-12 23:48:29 UTC]]
  [1m[35m (0.4ms)[0m  [1m[35mCOMMIT[0m
  [1m[36mActiveRecord::InternalMetadata Load (0.3ms)[0m  [1m[34mSELECT  "ar_internal_metadata".* FROM "ar_internal_metadata" WHERE "ar_internal_metadata"."key" = $1 LIMIT $2[0m  [["key", :environment], ["LIMIT", 1]]
  [1m[35m (0.1ms)[0m  [1m[35mBEGIN[0m
  [1m[35m (0.2ms)[0m  [1m[35mCOMMIT[0m
Started GET "/houses/1" for ::1 at 2017-10-12 21:07:42 -0400
  [1m[36mActiveRecord::SchemaMigration Load (0.3ms)[0m  [1m[34mSELECT "schema_migrations".* FROM "schema_migrations"[0m
Processing by HousesController#show as HTML
  Parameters: {"id"=>"1"}
  [1m[36mHouse Load (0.3ms)[0m  [1m[34mSELECT  "houses".* FROM "houses" WHERE "houses"."id" = $1 LIMIT $2[0m  [["id", 1], ["LIMIT", 1]]
  Rendering houses/show.html.erb within layouts/application
  [1m[36mMember Load (2.0ms)[0m  [1m[34mSELECT "members".* FROM "members" WHERE "members"."house_id" = $1[0m  [["house_id", 1]]
  [1m[36mMember Load (1.0ms)[0m  [1m[34mSELECT "members".* FROM "members" WHERE "members"."house_id" = $1[0m  [["house_id", 1]]
  Rendered houses/show.html.erb within layouts/application (5.8ms)
Completed 200 OK in 40ms (Views: 14.7ms | ActiveRecord: 10.7ms)


Started GET "/houses/1" for ::1 at 2017-10-12 21:07:49 -0400
Processing by HousesController#show as HTML
  Parameters: {"id"=>"1"}
  [1m[36mHouse Load (0.4ms)[0m  [1m[34mSELECT  "houses".* FROM "houses" WHERE "houses"."id" = $1 LIMIT $2[0m  [["id", 1], ["LIMIT", 1]]
  Rendering houses/show.html.erb within layouts/application
  [1m[36mMember Load (0.4ms)[0m  [1m[34mSELECT "members".* FROM "members" WHERE "members"."house_id" = $1[0m  [["house_id", 1]]
  Rendered houses/show.html.erb within layouts/application (1.9ms)
Completed 200 OK in 16ms (Views: 12.5ms | ActiveRecord: 0.7ms)


Started GET "/houses/1" for ::1 at 2017-10-12 21:09:10 -0400
Processing by HousesController#show as HTML
  Parameters: {"id"=>"1"}
  [1m[36mHouse Load (0.3ms)[0m  [1m[34mSELECT  "houses".* FROM "houses" WHERE "houses"."id" = $1 LIMIT $2[0m  [["id", 1], ["LIMIT", 1]]
  Rendering houses/show.html.erb within layouts/application
  [1m[36mMember Load (0.4ms)[0m  [1m[34mSELECT "members".* FROM "members" WHERE "members"."house_id" = $1[0m  [["house_id", 1]]
  Rendered houses/show.html.erb within layouts/application (1.9ms)
Completed 200 OK in 13ms (Views: 10.1ms | ActiveRecord: 0.7ms)


Started GET "/houses/1" for ::1 at 2017-10-12 21:10:34 -0400
Processing by HousesController#show as HTML
  Parameters: {"id"=>"1"}
  [1m[36mHouse Load (0.4ms)[0m  [1m[34mSELECT  "houses".* FROM "houses" WHERE "houses"."id" = $1 LIMIT $2[0m  [["id", 1], ["LIMIT", 1]]
  Rendering houses/show.html.erb within layouts/application
  Rendered houses/show.html.erb within layouts/application (23.2ms)
Completed 500 Internal Server Error in 29ms (ActiveRecord: 0.4ms)


  
ActionView::Template::Error (No route matches {:action=>"new", :controller=>"members", :id=>"1"} missing required keys: [:house_id]):
     5: <h1><%=@house.source%></h1>
     6: <h1><%=@house.motto%></h1>
     7: 
     8: <%= link_to "Add New Member", new_house_member_path %>
     9: 
    10: <h1>Members</h1>
    11: <% @members.each do |member| %>
  
app/views/houses/show.html.erb:8:in `_app_views_houses_show_html_erb__2469892584222824774_70255750898620'
  Rendering /Users/peterrobitaille/.gem/ruby/2.3.3/gems/actionpack-5.0.0/lib/action_dispatch/middleware/templates/rescues/template_error.html.erb within rescues/layout
  Rendering /Users/peterrobitaille/.gem/ruby/2.3.3/gems/actionpack-5.0.0/lib/action_dispatch/middleware/templates/rescues/_source.html.erb
  Rendered /Users/peterrobitaille/.gem/ruby/2.3.3/gems/actionpack-5.0.0/lib/action_dispatch/middleware/templates/rescues/_source.html.erb (6.5ms)
  Rendering /Users/peterrobitaille/.gem/ruby/2.3.3/gems/actionpack-5.0.0/lib/action_dispatch/middleware/templates/rescues/_trace.html.erb
  Rendered /Users/peterrobitaille/.gem/ruby/2.3.3/gems/actionpack-5.0.0/lib/action_dispatch/middleware/templates/rescues/_trace.html.erb (3.0ms)
  Rendering /Users/peterrobitaille/.gem/ruby/2.3.3/gems/actionpack-5.0.0/lib/action_dispatch/middleware/templates/rescues/_request_and_response.html.erb
  Rendered /Users/peterrobitaille/.gem/ruby/2.3.3/gems/actionpack-5.0.0/lib/action_dispatch/middleware/templates/rescues/_request_and_response.html.erb (1.2ms)
  Rendered /Users/peterrobitaille/.gem/ruby/2.3.3/gems/actionpack-5.0.0/lib/action_dispatch/middleware/templates/rescues/template_error.html.erb within rescues/layout (61.6ms)
DEPRECATION WARNING: #original_exception is deprecated. Use #cause instead. (called from block in render_exception_with_web_console at /Users/peterrobitaille/.gem/ruby/2.3.3/gems/web-console-2.3.0/lib/web_console/extensions.rb:16)
DEPRECATION WARNING: Accessing mime types via constants is deprecated. Please change `Mime::HTML` to `Mime[:html]`. (called from const_missing at /Users/peterrobitaille/.gem/ruby/2.3.3/gems/actionpack-5.0.0/lib/action_dispatch/http/mime_type.rb:52)
  Rendering /Users/peterrobitaille/.gem/ruby/2.3.3/gems/web-console-2.3.0/lib/web_console/templates/index.html.erb
  Rendered /Users/peterrobitaille/.gem/ruby/2.3.3/gems/web-console-2.3.0/lib/web_console/templates/_markup.html.erb (1.1ms)
  Rendering /Users/peterrobitaille/.gem/ruby/2.3.3/gems/web-console-2.3.0/lib/web_console/templates/console.js.erb within layouts/javascript
  Rendering /Users/peterrobitaille/.gem/ruby/2.3.3/gems/web-console-2.3.0/lib/web_console/templates/_inner_console_markup.html.erb within layouts/inlined_string
  Rendered /Users/peterrobitaille/.gem/ruby/2.3.3/gems/web-console-2.3.0/lib/web_console/templates/_inner_console_markup.html.erb within layouts/inlined_string (0.3ms)
  Rendering /Users/peterrobitaille/.gem/ruby/2.3.3/gems/web-console-2.3.0/lib/web_console/templates/_prompt_box_markup.html.erb within layouts/inlined_string
  Rendered /Users/peterrobitaille/.gem/ruby/2.3.3/gems/web-console-2.3.0/lib/web_console/templates/_prompt_box_markup.html.erb within layouts/inlined_string (0.7ms)
  Rendering /Users/peterrobitaille/.gem/ruby/2.3.3/gems/web-console-2.3.0/lib/web_console/templates/style.css.erb within layouts/inlined_string
  Rendered /Users/peterrobitaille/.gem/ruby/2.3.3/gems/web-console-2.3.0/lib/web_console/templates/style.css.erb within layouts/inlined_string (0.4ms)
DEPRECATION WARNING: Accessing mime types via constants is deprecated. Please change `Mime::WEB_CONSOLE_V2` to `Mime[:web_console_v2]`. (called from const_missing at /Users/peterrobitaille/.gem/ruby/2.3.3/gems/actionpack-5.0.0/lib/action_dispatch/http/mime_type.rb:52)
  Rendered /Users/peterrobitaille/.gem/ruby/2.3.3/gems/web-console-2.3.0/lib/web_console/templates/console.js.erb within layouts/javascript (50.6ms)
  Rendering /Users/peterrobitaille/.gem/ruby/2.3.3/gems/web-console-2.3.0/lib/web_console/templates/main.js.erb within layouts/javascript
  Rendered /Users/peterrobitaille/.gem/ruby/2.3.3/gems/web-console-2.3.0/lib/web_console/templates/main.js.erb within layouts/javascript (0.3ms)
  Rendering /Users/peterrobitaille/.gem/ruby/2.3.3/gems/web-console-2.3.0/lib/web_console/templates/error_page.js.erb within layouts/javascript
  Rendered /Users/peterrobitaille/.gem/ruby/2.3.3/gems/web-console-2.3.0/lib/web_console/templates/error_page.js.erb within layouts/javascript (0.8ms)
  Rendered /Users/peterrobitaille/.gem/ruby/2.3.3/gems/web-console-2.3.0/lib/web_console/templates/index.html.erb (116.3ms)
Started GET "/houses/1" for ::1 at 2017-10-12 21:11:03 -0400
Processing by HousesController#show as HTML
  Parameters: {"id"=>"1"}
  [1m[36mHouse Load (0.3ms)[0m  [1m[34mSELECT  "houses".* FROM "houses" WHERE "houses"."id" = $1 LIMIT $2[0m  [["id", 1], ["LIMIT", 1]]
  Rendering houses/show.html.erb within layouts/application
  [1m[36mMember Load (0.4ms)[0m  [1m[34mSELECT "members".* FROM "members" WHERE "members"."house_id" = $1[0m  [["house_id", 1]]
  Rendered houses/show.html.erb within layouts/application (24.2ms)
Completed 500 Internal Server Error in 31ms (ActiveRecord: 0.7ms)


  
ActionView::Template::Error (undefined local variable or method `house' for #<#<Class:0x007fcb67273988>:0x007fcb6801aff0>
Did you mean?  @house):
     5: <h1><%=@house.source%></h1>
     6: <h1><%=@house.motto%></h1>
     7: 
     8: <%= link_to "Add New Member", new_house_member_path(house.id) %>
     9: 
    10: <h1>Members</h1>
    11: <% @members.each do |member| %>
  
app/views/houses/show.html.erb:8:in `_app_views_houses_show_html_erb__2469892584222824774_70255800016180'
  Rendering /Users/peterrobitaille/.gem/ruby/2.3.3/gems/actionpack-5.0.0/lib/action_dispatch/middleware/templates/rescues/template_error.html.erb within rescues/layout
  Rendering /Users/peterrobitaille/.gem/ruby/2.3.3/gems/actionpack-5.0.0/lib/action_dispatch/middleware/templates/rescues/_source.html.erb
  Rendered /Users/peterrobitaille/.gem/ruby/2.3.3/gems/actionpack-5.0.0/lib/action_dispatch/middleware/templates/rescues/_source.html.erb (2.9ms)
  Rendering /Users/peterrobitaille/.gem/ruby/2.3.3/gems/actionpack-5.0.0/lib/action_dispatch/middleware/templates/rescues/_trace.html.erb
  Rendered /Users/peterrobitaille/.gem/ruby/2.3.3/gems/actionpack-5.0.0/lib/action_dispatch/middleware/templates/rescues/_trace.html.erb (1.4ms)
  Rendering /Users/peterrobitaille/.gem/ruby/2.3.3/gems/actionpack-5.0.0/lib/action_dispatch/middleware/templates/rescues/_request_and_response.html.erb
  Rendered /Users/peterrobitaille/.gem/ruby/2.3.3/gems/actionpack-5.0.0/lib/action_dispatch/middleware/templates/rescues/_request_and_response.html.erb (0.7ms)
  Rendered /Users/peterrobitaille/.gem/ruby/2.3.3/gems/actionpack-5.0.0/lib/action_dispatch/middleware/templates/rescues/template_error.html.erb within rescues/layout (49.1ms)
DEPRECATION WARNING: #original_exception is deprecated. Use #cause instead. (called from block in render_exception_with_web_console at /Users/peterrobitaille/.gem/ruby/2.3.3/gems/web-console-2.3.0/lib/web_console/extensions.rb:16)
DEPRECATION WARNING: Accessing mime types via constants is deprecated. Please change `Mime::HTML` to `Mime[:html]`. (called from const_missing at /Users/peterrobitaille/.gem/ruby/2.3.3/gems/actionpack-5.0.0/lib/action_dispatch/http/mime_type.rb:52)
  Rendering /Users/peterrobitaille/.gem/ruby/2.3.3/gems/web-console-2.3.0/lib/web_console/templates/index.html.erb
  Rendered /Users/peterrobitaille/.gem/ruby/2.3.3/gems/web-console-2.3.0/lib/web_console/templates/_markup.html.erb (0.3ms)
  Rendering /Users/peterrobitaille/.gem/ruby/2.3.3/gems/web-console-2.3.0/lib/web_console/templates/console.js.erb within layouts/javascript
  Rendering /Users/peterrobitaille/.gem/ruby/2.3.3/gems/web-console-2.3.0/lib/web_console/templates/_inner_console_markup.html.erb within layouts/inlined_string
  Rendered /Users/peterrobitaille/.gem/ruby/2.3.3/gems/web-console-2.3.0/lib/web_console/templates/_inner_console_markup.html.erb within layouts/inlined_string (0.3ms)
  Rendering /Users/peterrobitaille/.gem/ruby/2.3.3/gems/web-console-2.3.0/lib/web_console/templates/_prompt_box_markup.html.erb within layouts/inlined_string
  Rendered /Users/peterrobitaille/.gem/ruby/2.3.3/gems/web-console-2.3.0/lib/web_console/templates/_prompt_box_markup.html.erb within layouts/inlined_string (0.3ms)
  Rendering /Users/peterrobitaille/.gem/ruby/2.3.3/gems/web-console-2.3.0/lib/web_console/templates/style.css.erb within layouts/inlined_string
  Rendered /Users/peterrobitaille/.gem/ruby/2.3.3/gems/web-console-2.3.0/lib/web_console/templates/style.css.erb within layouts/inlined_string (0.3ms)
DEPRECATION WARNING: Accessing mime types via constants is deprecated. Please change `Mime::WEB_CONSOLE_V2` to `Mime[:web_console_v2]`. (called from const_missing at /Users/peterrobitaille/.gem/ruby/2.3.3/gems/actionpack-5.0.0/lib/action_dispatch/http/mime_type.rb:52)
  Rendered /Users/peterrobitaille/.gem/ruby/2.3.3/gems/web-console-2.3.0/lib/web_console/templates/console.js.erb within layouts/javascript (46.4ms)
  Rendering /Users/peterrobitaille/.gem/ruby/2.3.3/gems/web-console-2.3.0/lib/web_console/templates/main.js.erb within layouts/javascript
  Rendered /Users/peterrobitaille/.gem/ruby/2.3.3/gems/web-console-2.3.0/lib/web_console/templates/main.js.erb within layouts/javascript (0.2ms)
  Rendering /Users/peterrobitaille/.gem/ruby/2.3.3/gems/web-console-2.3.0/lib/web_console/templates/error_page.js.erb within layouts/javascript
  Rendered /Users/peterrobitaille/.gem/ruby/2.3.3/gems/web-console-2.3.0/lib/web_console/templates/error_page.js.erb within layouts/javascript (0.4ms)
  Rendered /Users/peterrobitaille/.gem/ruby/2.3.3/gems/web-console-2.3.0/lib/web_console/templates/index.html.erb (99.2ms)
Started GET "/houses/1" for ::1 at 2017-10-12 21:11:13 -0400
Processing by HousesController#show as HTML
  Parameters: {"id"=>"1"}
  [1m[36mHouse Load (0.3ms)[0m  [1m[34mSELECT  "houses".* FROM "houses" WHERE "houses"."id" = $1 LIMIT $2[0m  [["id", 1], ["LIMIT", 1]]
  Rendering houses/show.html.erb within layouts/application
  [1m[36mMember Load (0.3ms)[0m  [1m[34mSELECT "members".* FROM "members" WHERE "members"."house_id" = $1[0m  [["house_id", 1]]
  Rendered houses/show.html.erb within layouts/application (1.7ms)
Completed 200 OK in 18ms (Views: 14.5ms | ActiveRecord: 0.6ms)


Started GET "/houses/1/members/new" for ::1 at 2017-10-12 21:11:16 -0400
Processing by MembersController#new as HTML
  Parameters: {"house_id"=>"1"}
  [1m[36mHouse Load (0.3ms)[0m  [1m[34mSELECT  "houses".* FROM "houses" WHERE "houses"."id" = $1 LIMIT $2[0m  [["id", 1], ["LIMIT", 1]]
  Rendering members/new.html.erb within layouts/application
  Rendered members/new.html.erb within layouts/application (4.6ms)
Completed 200 OK in 16ms (Views: 13.5ms | ActiveRecord: 0.3ms)


Started GET "/houses/1/members/new" for ::1 at 2017-10-12 21:11:50 -0400
Processing by MembersController#new as HTML
  Parameters: {"house_id"=>"1"}
  [1m[36mHouse Load (0.2ms)[0m  [1m[34mSELECT  "houses".* FROM "houses" WHERE "houses"."id" = $1 LIMIT $2[0m  [["id", 1], ["LIMIT", 1]]
  Rendering members/new.html.erb within layouts/application
  Rendered members/new.html.erb within layouts/application (0.7ms)
Completed 500 Internal Server Error in 5ms (ActiveRecord: 0.2ms)


  
SyntaxError (/Users/peterrobitaille/challenges/rails-marathon/app/views/members/new.html.erb:5: syntax error, unexpected tSTRING_BEG, expecting ')'
....append=( f.label :first_name "First Name" );@output_buffer....
...                               ^):
  
app/views/members/new.html.erb:5: syntax error, unexpected tSTRING_BEG, expecting ')'
  Rendering /Users/peterrobitaille/.gem/ruby/2.3.3/gems/actionpack-5.0.0/lib/action_dispatch/middleware/templates/rescues/diagnostics.html.erb within rescues/layout
  Rendering /Users/peterrobitaille/.gem/ruby/2.3.3/gems/actionpack-5.0.0/lib/action_dispatch/middleware/templates/rescues/_source.html.erb
  Rendered /Users/peterrobitaille/.gem/ruby/2.3.3/gems/actionpack-5.0.0/lib/action_dispatch/middleware/templates/rescues/_source.html.erb (3.2ms)
  Rendering /Users/peterrobitaille/.gem/ruby/2.3.3/gems/actionpack-5.0.0/lib/action_dispatch/middleware/templates/rescues/_trace.html.erb
  Rendered /Users/peterrobitaille/.gem/ruby/2.3.3/gems/actionpack-5.0.0/lib/action_dispatch/middleware/templates/rescues/_trace.html.erb (1.5ms)
  Rendering /Users/peterrobitaille/.gem/ruby/2.3.3/gems/actionpack-5.0.0/lib/action_dispatch/middleware/templates/rescues/_request_and_response.html.erb
  Rendered /Users/peterrobitaille/.gem/ruby/2.3.3/gems/actionpack-5.0.0/lib/action_dispatch/middleware/templates/rescues/_request_and_response.html.erb (1.0ms)
  Rendered /Users/peterrobitaille/.gem/ruby/2.3.3/gems/actionpack-5.0.0/lib/action_dispatch/middleware/templates/rescues/diagnostics.html.erb within rescues/layout (52.9ms)
DEPRECATION WARNING: Accessing mime types via constants is deprecated. Please change `Mime::HTML` to `Mime[:html]`. (called from const_missing at /Users/peterrobitaille/.gem/ruby/2.3.3/gems/actionpack-5.0.0/lib/action_dispatch/http/mime_type.rb:52)
  Rendering /Users/peterrobitaille/.gem/ruby/2.3.3/gems/web-console-2.3.0/lib/web_console/templates/index.html.erb
  Rendered /Users/peterrobitaille/.gem/ruby/2.3.3/gems/web-console-2.3.0/lib/web_console/templates/_markup.html.erb (0.2ms)
  Rendering /Users/peterrobitaille/.gem/ruby/2.3.3/gems/web-console-2.3.0/lib/web_console/templates/console.js.erb within layouts/javascript
  Rendering /Users/peterrobitaille/.gem/ruby/2.3.3/gems/web-console-2.3.0/lib/web_console/templates/_inner_console_markup.html.erb within layouts/inlined_string
  Rendered /Users/peterrobitaille/.gem/ruby/2.3.3/gems/web-console-2.3.0/lib/web_console/templates/_inner_console_markup.html.erb within layouts/inlined_string (0.3ms)
  Rendering /Users/peterrobitaille/.gem/ruby/2.3.3/gems/web-console-2.3.0/lib/web_console/templates/_prompt_box_markup.html.erb within layouts/inlined_string
  Rendered /Users/peterrobitaille/.gem/ruby/2.3.3/gems/web-console-2.3.0/lib/web_console/templates/_prompt_box_markup.html.erb within layouts/inlined_string (0.2ms)
  Rendering /Users/peterrobitaille/.gem/ruby/2.3.3/gems/web-console-2.3.0/lib/web_console/templates/style.css.erb within layouts/inlined_string
  Rendered /Users/peterrobitaille/.gem/ruby/2.3.3/gems/web-console-2.3.0/lib/web_console/templates/style.css.erb within layouts/inlined_string (0.3ms)
DEPRECATION WARNING: Accessing mime types via constants is deprecated. Please change `Mime::WEB_CONSOLE_V2` to `Mime[:web_console_v2]`. (called from const_missing at /Users/peterrobitaille/.gem/ruby/2.3.3/gems/actionpack-5.0.0/lib/action_dispatch/http/mime_type.rb:52)
  Rendered /Users/peterrobitaille/.gem/ruby/2.3.3/gems/web-console-2.3.0/lib/web_console/templates/console.js.erb within layouts/javascript (41.8ms)
  Rendering /Users/peterrobitaille/.gem/ruby/2.3.3/gems/web-console-2.3.0/lib/web_console/templates/main.js.erb within layouts/javascript
  Rendered /Users/peterrobitaille/.gem/ruby/2.3.3/gems/web-console-2.3.0/lib/web_console/templates/main.js.erb within layouts/javascript (0.2ms)
  Rendering /Users/peterrobitaille/.gem/ruby/2.3.3/gems/web-console-2.3.0/lib/web_console/templates/error_page.js.erb within layouts/javascript
  Rendered /Users/peterrobitaille/.gem/ruby/2.3.3/gems/web-console-2.3.0/lib/web_console/templates/error_page.js.erb within layouts/javascript (0.4ms)
  Rendered /Users/peterrobitaille/.gem/ruby/2.3.3/gems/web-console-2.3.0/lib/web_console/templates/index.html.erb (92.3ms)
Started GET "/houses/1/members/new" for ::1 at 2017-10-12 21:11:57 -0400
Processing by MembersController#new as HTML
  Parameters: {"house_id"=>"1"}
  [1m[36mHouse Load (0.3ms)[0m  [1m[34mSELECT  "houses".* FROM "houses" WHERE "houses"."id" = $1 LIMIT $2[0m  [["id", 1], ["LIMIT", 1]]
  Rendering members/new.html.erb within layouts/application
  Rendered members/new.html.erb within layouts/application (2.0ms)
Completed 200 OK in 13ms (Views: 11.0ms | ActiveRecord: 0.3ms)


Started GET "/houses/1" for ::1 at 2017-10-12 21:14:32 -0400
Processing by HousesController#show as HTML
  Parameters: {"id"=>"1"}
  [1m[36mHouse Load (0.3ms)[0m  [1m[34mSELECT  "houses".* FROM "houses" WHERE "houses"."id" = $1 LIMIT $2[0m  [["id", 1], ["LIMIT", 1]]
  Rendering houses/show.html.erb within layouts/application
  [1m[36mMember Load (0.3ms)[0m  [1m[34mSELECT "members".* FROM "members" WHERE "members"."house_id" = $1[0m  [["house_id", 1]]
  Rendered houses/show.html.erb within layouts/application (2.4ms)
Completed 200 OK in 35ms (Views: 13.5ms | ActiveRecord: 7.7ms)


Started GET "/houses/1/members/new" for ::1 at 2017-10-12 21:14:34 -0400
Processing by MembersController#new as HTML
  Parameters: {"house_id"=>"1"}
  [1m[36mHouse Load (0.3ms)[0m  [1m[34mSELECT  "houses".* FROM "houses" WHERE "houses"."id" = $1 LIMIT $2[0m  [["id", 1], ["LIMIT", 1]]
  Rendering members/new.html.erb within layouts/application
  Rendered members/new.html.erb within layouts/application (1.8ms)
Completed 200 OK in 13ms (Views: 10.6ms | ActiveRecord: 0.3ms)


Started GET "/houses/1/members/new" for ::1 at 2017-10-12 21:27:29 -0400
Processing by MembersController#new as HTML
  Parameters: {"house_id"=>"1"}
  [1m[36mHouse Load (0.2ms)[0m  [1m[34mSELECT  "houses".* FROM "houses" WHERE "houses"."id" = $1 LIMIT $2[0m  [["id", 1], ["LIMIT", 1]]
  Rendering members/new.html.erb within layouts/application
  Rendered members/new.html.erb within layouts/application (2.1ms)
Completed 200 OK in 41ms (Views: 14.2ms | ActiveRecord: 9.5ms)


Started POST "/houses/1/members" for ::1 at 2017-10-12 21:27:32 -0400
Processing by MembersController#create as HTML
  Parameters: {"utf8"=>"✓", "authenticity_token"=>"tX4G+b//d8HXi3zuVhJjmjDny+77rAclYu5gXgoqxmSWVaiAi55tTS/h3cM084xVDx2BiVn3t9MeBRmeuz21rA==", "member"=>{"first_name"=>"efe", "last_name"=>""}, "commit"=>"Add Member", "house_id"=>"1"}
  [1m[36mHouse Load (0.3ms)[0m  [1m[34mSELECT  "houses".* FROM "houses" WHERE "houses"."id" = $1 LIMIT $2[0m  [["id", 1], ["LIMIT", 1]]
  [1m[35m (0.2ms)[0m  [1m[35mBEGIN[0m
  [1m[36mHouse Load (0.2ms)[0m  [1m[34mSELECT  "houses".* FROM "houses" WHERE "houses"."id" = $1 LIMIT $2[0m  [["id", 1], ["LIMIT", 1]]
  [1m[35m (0.2ms)[0m  [1m[31mROLLBACK[0m
  Rendering members/new.html.erb within layouts/application
  Rendered members/new.html.erb within layouts/application (1.4ms)
Completed 200 OK in 20ms (Views: 11.3ms | ActiveRecord: 0.9ms)


Started POST "/houses/1/members" for ::1 at 2017-10-12 21:27:36 -0400
Processing by MembersController#create as HTML
  Parameters: {"utf8"=>"✓", "authenticity_token"=>"B6wpt4IBHalVCZoY7uGraC7YObUFUnm8QQudFzDowxQkh4fOtmAHJa1jOzWMAESnESJz0qcJyUo94OTXgf+w3A==", "member"=>{"first_name"=>"efe", "last_name"=>"efef"}, "commit"=>"Add Member", "house_id"=>"1"}
  [1m[36mHouse Load (0.3ms)[0m  [1m[34mSELECT  "houses".* FROM "houses" WHERE "houses"."id" = $1 LIMIT $2[0m  [["id", 1], ["LIMIT", 1]]
  [1m[35m (0.1ms)[0m  [1m[35mBEGIN[0m
  [1m[36mHouse Load (0.2ms)[0m  [1m[34mSELECT  "houses".* FROM "houses" WHERE "houses"."id" = $1 LIMIT $2[0m  [["id", 1], ["LIMIT", 1]]
  [1m[35mSQL (2.2ms)[0m  [1m[32mINSERT INTO "members" ("first_name", "last_name", "house_id", "created_at", "updated_at") VALUES ($1, $2, $3, $4, $5) RETURNING "id"[0m  [["first_name", "efe"], ["last_name", "efef"], ["house_id", 1], ["created_at", 2017-10-13 01:27:36 UTC], ["updated_at", 2017-10-13 01:27:36 UTC]]
  [1m[35m (0.3ms)[0m  [1m[35mCOMMIT[0m
Redirected to http://localhost:3000/houses/1
Completed 302 Found in 7ms (ActiveRecord: 3.1ms)


Started GET "/houses/1" for ::1 at 2017-10-12 21:27:36 -0400
Processing by HousesController#show as HTML
  Parameters: {"id"=>"1"}
  [1m[36mHouse Load (0.3ms)[0m  [1m[34mSELECT  "houses".* FROM "houses" WHERE "houses"."id" = $1 LIMIT $2[0m  [["id", 1], ["LIMIT", 1]]
  Rendering houses/show.html.erb within layouts/application
  [1m[36mMember Load (0.3ms)[0m  [1m[34mSELECT "members".* FROM "members" WHERE "members"."house_id" = $1[0m  [["house_id", 1]]
  Rendered houses/show.html.erb within layouts/application (2.5ms)
Completed 200 OK in 15ms (Views: 11.0ms | ActiveRecord: 0.5ms)


DEPRECATION WARNING: ActiveRecord::Base.raise_in_transactional_callbacks= is deprecated, has no effect and will be removed without replacement. (called from raise_in_transactional_callbacks= at /Users/peterrobitaille/.gem/ruby/2.3.3/gems/activerecord-5.0.0/lib/active_record/transactions.rb:283)
Started GET "/favicon.ico" for ::1 at 2017-10-13 08:11:11 -0400
  
LoadError (cannot load such file -- /Users/peterrobitaille/challenges/rails-marathon/config/routes.rb):
  
activesupport (5.0.0) lib/active_support/dependencies.rb:287:in `load'
activesupport (5.0.0) lib/active_support/dependencies.rb:287:in `block in load'
activesupport (5.0.0) lib/active_support/dependencies.rb:259:in `load_dependency'
activesupport (5.0.0) lib/active_support/dependencies.rb:287:in `load'
railties (5.0.0) lib/rails/application/routes_reloader.rb:40:in `block in load_paths'
railties (5.0.0) lib/rails/application/routes_reloader.rb:40:in `each'
railties (5.0.0) lib/rails/application/routes_reloader.rb:40:in `load_paths'
railties (5.0.0) lib/rails/application/routes_reloader.rb:16:in `reload!'
railties (5.0.0) lib/rails/application/routes_reloader.rb:26:in `block in updater'
activesupport (5.0.0) lib/active_support/file_update_checker.rb:77:in `execute'
railties (5.0.0) lib/rails/application/routes_reloader.rb:7:in `execute'
railties (5.0.0) lib/rails/application/finisher.rb:132:in `block (2 levels) in <module:Finisher>'
activesupport (5.0.0) lib/active_support/callbacks.rb:396:in `instance_exec'
activesupport (5.0.0) lib/active_support/callbacks.rb:396:in `block in make_lambda'
activesupport (5.0.0) lib/active_support/callbacks.rb:169:in `block (2 levels) in halting'
activesupport (5.0.0) lib/active_support/callbacks.rb:547:in `block (2 levels) in default_terminator'
activesupport (5.0.0) lib/active_support/callbacks.rb:546:in `catch'
activesupport (5.0.0) lib/active_support/callbacks.rb:546:in `block in default_terminator'
activesupport (5.0.0) lib/active_support/callbacks.rb:170:in `block in halting'
activesupport (5.0.0) lib/active_support/callbacks.rb:454:in `block in call'
activesupport (5.0.0) lib/active_support/callbacks.rb:454:in `each'
activesupport (5.0.0) lib/active_support/callbacks.rb:454:in `call'
activesupport (5.0.0) lib/active_support/callbacks.rb:101:in `__run_callbacks__'
activesupport (5.0.0) lib/active_support/callbacks.rb:750:in `_run_run_callbacks'
activesupport (5.0.0) lib/active_support/callbacks.rb:90:in `run_callbacks'
activesupport (5.0.0) lib/active_support/execution_wrapper.rb:99:in `run!'
activesupport (5.0.0) lib/active_support/reloader.rb:113:in `run!'
activesupport (5.0.0) lib/active_support/execution_wrapper.rb:61:in `block in run!'
activesupport (5.0.0) lib/active_support/execution_wrapper.rb:58:in `tap'
activesupport (5.0.0) lib/active_support/execution_wrapper.rb:58:in `run!'
activesupport (5.0.0) lib/active_support/reloader.rb:59:in `run!'
actionpack (5.0.0) lib/action_dispatch/middleware/executor.rb:10:in `call'
actionpack (5.0.0) lib/action_dispatch/middleware/remote_ip.rb:79:in `call'
actionpack (5.0.0) lib/action_dispatch/middleware/debug_exceptions.rb:49:in `call'
web-console (2.3.0) lib/web_console/middleware.rb:28:in `block in call'
web-console (2.3.0) lib/web_console/middleware.rb:18:in `catch'
web-console (2.3.0) lib/web_console/middleware.rb:18:in `call'
actionpack (5.0.0) lib/action_dispatch/middleware/show_exceptions.rb:31:in `call'
railties (5.0.0) lib/rails/rack/logger.rb:36:in `call_app'
railties (5.0.0) lib/rails/rack/logger.rb:24:in `block in call'
activesupport (5.0.0) lib/active_support/tagged_logging.rb:70:in `block in tagged'
activesupport (5.0.0) lib/active_support/tagged_logging.rb:26:in `tagged'
activesupport (5.0.0) lib/active_support/tagged_logging.rb:70:in `tagged'
railties (5.0.0) lib/rails/rack/logger.rb:24:in `call'
actionpack (5.0.0) lib/action_dispatch/middleware/request_id.rb:24:in `call'
rack (2.0.1) lib/rack/method_override.rb:22:in `call'
rack (2.0.1) lib/rack/runtime.rb:22:in `call'
activesupport (5.0.0) lib/active_support/cache/strategy/local_cache_middleware.rb:28:in `call'
actionpack (5.0.0) lib/action_dispatch/middleware/executor.rb:12:in `call'
actionpack (5.0.0) lib/action_dispatch/middleware/static.rb:136:in `call'
rack (2.0.1) lib/rack/sendfile.rb:111:in `call'
railties (5.0.0) lib/rails/engine.rb:522:in `call'
rack (2.0.1) lib/rack/handler/webrick.rb:86:in `service'
/Users/peterrobitaille/.rubies/ruby-2.3.3/lib/ruby/2.3.0/webrick/httpserver.rb:140:in `service'
/Users/peterrobitaille/.rubies/ruby-2.3.3/lib/ruby/2.3.0/webrick/httpserver.rb:96:in `run'
/Users/peterrobitaille/.rubies/ruby-2.3.3/lib/ruby/2.3.0/webrick/server.rb:296:in `block in start_thread'
  Rendering /Users/peterrobitaille/.gem/ruby/2.3.3/gems/actionpack-5.0.0/lib/action_dispatch/middleware/templates/rescues/diagnostics.html.erb within rescues/layout
  Rendering /Users/peterrobitaille/.gem/ruby/2.3.3/gems/actionpack-5.0.0/lib/action_dispatch/middleware/templates/rescues/_source.html.erb
  Rendered /Users/peterrobitaille/.gem/ruby/2.3.3/gems/actionpack-5.0.0/lib/action_dispatch/middleware/templates/rescues/_source.html.erb (4.4ms)
  Rendering /Users/peterrobitaille/.gem/ruby/2.3.3/gems/actionpack-5.0.0/lib/action_dispatch/middleware/templates/rescues/_trace.html.erb
  Rendered /Users/peterrobitaille/.gem/ruby/2.3.3/gems/actionpack-5.0.0/lib/action_dispatch/middleware/templates/rescues/_trace.html.erb (2.1ms)
  Rendering /Users/peterrobitaille/.gem/ruby/2.3.3/gems/actionpack-5.0.0/lib/action_dispatch/middleware/templates/rescues/_request_and_response.html.erb
  Rendered /Users/peterrobitaille/.gem/ruby/2.3.3/gems/actionpack-5.0.0/lib/action_dispatch/middleware/templates/rescues/_request_and_response.html.erb (1.0ms)
  Rendered /Users/peterrobitaille/.gem/ruby/2.3.3/gems/actionpack-5.0.0/lib/action_dispatch/middleware/templates/rescues/diagnostics.html.erb within rescues/layout (65.4ms)
DEPRECATION WARNING: Accessing mime types via constants is deprecated. Please change `Mime::HTML` to `Mime[:html]`. (called from const_missing at /Users/peterrobitaille/.gem/ruby/2.3.3/gems/actionpack-5.0.0/lib/action_dispatch/http/mime_type.rb:52)
  Rendering /Users/peterrobitaille/.gem/ruby/2.3.3/gems/web-console-2.3.0/lib/web_console/templates/index.html.erb
  Rendered /Users/peterrobitaille/.gem/ruby/2.3.3/gems/web-console-2.3.0/lib/web_console/templates/_markup.html.erb (3.6ms)
  Rendering /Users/peterrobitaille/.gem/ruby/2.3.3/gems/web-console-2.3.0/lib/web_console/templates/console.js.erb within layouts/javascript
  Rendering /Users/peterrobitaille/.gem/ruby/2.3.3/gems/web-console-2.3.0/lib/web_console/templates/_inner_console_markup.html.erb within layouts/inlined_string
  Rendered /Users/peterrobitaille/.gem/ruby/2.3.3/gems/web-console-2.3.0/lib/web_console/templates/_inner_console_markup.html.erb within layouts/inlined_string (0.5ms)
  Rendering /Users/peterrobitaille/.gem/ruby/2.3.3/gems/web-console-2.3.0/lib/web_console/templates/_prompt_box_markup.html.erb within layouts/inlined_string
  Rendered /Users/peterrobitaille/.gem/ruby/2.3.3/gems/web-console-2.3.0/lib/web_console/templates/_prompt_box_markup.html.erb within layouts/inlined_string (0.8ms)
  Rendering /Users/peterrobitaille/.gem/ruby/2.3.3/gems/web-console-2.3.0/lib/web_console/templates/style.css.erb within layouts/inlined_string
  Rendered /Users/peterrobitaille/.gem/ruby/2.3.3/gems/web-console-2.3.0/lib/web_console/templates/style.css.erb within layouts/inlined_string (0.5ms)
DEPRECATION WARNING: Accessing mime types via constants is deprecated. Please change `Mime::WEB_CONSOLE_V2` to `Mime[:web_console_v2]`. (called from const_missing at /Users/peterrobitaille/.gem/ruby/2.3.3/gems/actionpack-5.0.0/lib/action_dispatch/http/mime_type.rb:52)
  Rendered /Users/peterrobitaille/.gem/ruby/2.3.3/gems/web-console-2.3.0/lib/web_console/templates/console.js.erb within layouts/javascript (62.2ms)
  Rendering /Users/peterrobitaille/.gem/ruby/2.3.3/gems/web-console-2.3.0/lib/web_console/templates/main.js.erb within layouts/javascript
  Rendered /Users/peterrobitaille/.gem/ruby/2.3.3/gems/web-console-2.3.0/lib/web_console/templates/main.js.erb within layouts/javascript (0.3ms)
  Rendering /Users/peterrobitaille/.gem/ruby/2.3.3/gems/web-console-2.3.0/lib/web_console/templates/error_page.js.erb within layouts/javascript
  Rendered /Users/peterrobitaille/.gem/ruby/2.3.3/gems/web-console-2.3.0/lib/web_console/templates/error_page.js.erb within layouts/javascript (0.7ms)
  Rendered /Users/peterrobitaille/.gem/ruby/2.3.3/gems/web-console-2.3.0/lib/web_console/templates/index.html.erb (128.7ms)
